<?xml version="1.0" encoding="UTF-8"?>
<!-- Generated by org.testng.reporters.JUnitXMLReporter -->
<testsuite hostname="Rana-pc45" ignored="0" name="Default test" tests="4" failures="0" timestamp="15 Oct 2020 06:33:50 GMT" time="12.523" errors="0">
  <testcase name="Open_DWS_HomePage" time="1.83" classname="com.dbs.test.dbwHomePageTest"/>
  <testcase name="setToLoginPage" time="0.499" classname="com.dbs.test.dbwLoginPageTest"/>
  <testcase name="LoginPage" time="1.083" classname="com.dbs.test.dbwLoginPageTest"/>
  <testcase name="Process" time="9.082" classname="com.dbs.test.dbwOrderCreationTest"/>
</testsuite> <!-- Default test -->
