<?xml version="1.0" encoding="UTF-8"?>
<!-- Generated by org.testng.reporters.JUnitXMLReporter -->
<testsuite hostname="Rana-pc45" ignored="0" name="Default test" tests="4" failures="0" timestamp="15 Oct 2020 18:44:10 GMT" time="12.304" errors="0">
  <testcase name="Open_DWS_HomePage" time="1.664" classname="com.dbs.test.dbwHomePageTest"/>
  <testcase name="setToLoginPage" time="0.608" classname="com.dbs.test.dbwLoginPageTest"/>
  <testcase name="LoginPage" time="0.786" classname="com.dbs.test.dbwLoginPageTest"/>
  <testcase name="Process" time="9.219" classname="com.dbs.test.dbwOrderCreationTest"/>
</testsuite> <!-- Default test -->
