<?xml version="1.0" encoding="UTF-8"?>
<!-- Generated by org.testng.reporters.JUnitXMLReporter -->
<testsuite hostname="Rana-pc45" ignored="0" name="Test" tests="4" failures="0" timestamp="10 Oct 2020 07:26:20 GMT" time="13.307" errors="0">
  <testcase name="Open_DWS_HomePage" time="1.812" classname="com.dbs.test.dbwAppTestStep"/>
  <testcase name="setToLoginPage" time="0.495" classname="com.dbs.test.dbwAppTestStep"/>
  <testcase name="LoginPage" time="0.779" classname="com.dbs.test.dbwAppTestStep"/>
  <testcase name="Process" time="10.19" classname="com.dbs.test.dbwAppTestStep"/>
</testsuite> <!-- Test -->
