<?xml version="1.0" encoding="UTF-8"?>
<!-- Generated by org.testng.reporters.JUnitXMLReporter -->
<testsuite hostname="Rana-pc45" ignored="0" name="SmokeTest" tests="4" failures="0" timestamp="11 Oct 2020 05:50:57 GMT" time="13.291" errors="0">
  <testcase name="Open_DWS_HomePage" time="2.309" classname="com.dbs.test.dbwHomePageTest"/>
  <testcase name="setToLoginPage" time="0.581" classname="com.dbs.test.dbwLoginPageTest"/>
  <testcase name="LoginPage" time="0.809" classname="com.dbs.test.dbwLoginPageTest"/>
  <testcase name="Process" time="9.57" classname="com.dbs.test.dbwOrderCreationTest"/>
</testsuite> <!-- SmokeTest -->
